<?xml version="1.0" encoding="UTF-8"?>
<testsuite name="com.mimos.wallet.dal.database.datasource.DataSourceTest" tests="1" skipped="0" failures="0" errors="0" timestamp="2019-02-25T10:16:45" hostname="DingYpdeMacBook-Pro.local" time="0.22">
  <properties/>
  <testcase name="load" classname="com.mimos.wallet.dal.database.datasource.DataSourceTest" time="0.22"/>
  <system-out><![CDATA[18:16:27.558 [Test worker] DEBUG org.springframework.test.context.junit4.SpringJUnit4ClassRunner - SpringJUnit4ClassRunner constructor called with [class com.mimos.wallet.dal.database.datasource.DataSourceTest]
18:16:27.566 [Test worker] DEBUG org.springframework.test.context.BootstrapUtils - Instantiating CacheAwareContextLoaderDelegate from class [org.springframework.test.context.cache.DefaultCacheAwareContextLoaderDelegate]
18:16:27.574 [Test worker] DEBUG org.springframework.test.context.BootstrapUtils - Instantiating BootstrapContext using constructor [public org.springframework.test.context.support.DefaultBootstrapContext(java.lang.Class,org.springframework.test.context.CacheAwareContextLoaderDelegate)]
18:16:27.594 [Test worker] DEBUG org.springframework.test.context.BootstrapUtils - Instantiating TestContextBootstrapper for test class [com.mimos.wallet.dal.database.datasource.DataSourceTest] from class [org.springframework.boot.test.context.SpringBootTestContextBootstrapper]
18:16:27.603 [Test worker] INFO org.springframework.boot.test.context.SpringBootTestContextBootstrapper - Neither @ContextConfiguration nor @ContextHierarchy found for test class [com.mimos.wallet.dal.database.datasource.DataSourceTest], using SpringBootContextLoader
18:16:27.605 [Test worker] DEBUG org.springframework.test.context.support.AbstractContextLoader - Did not detect default resource location for test class [com.mimos.wallet.dal.database.datasource.DataSourceTest]: class path resource [com/mimos/wallet/dal/database/datasource/DataSourceTest-context.xml] does not exist
18:16:27.606 [Test worker] DEBUG org.springframework.test.context.support.AbstractContextLoader - Did not detect default resource location for test class [com.mimos.wallet.dal.database.datasource.DataSourceTest]: class path resource [com/mimos/wallet/dal/database/datasource/DataSourceTestContext.groovy] does not exist
18:16:27.606 [Test worker] INFO org.springframework.test.context.support.AbstractContextLoader - Could not detect default resource locations for test class [com.mimos.wallet.dal.database.datasource.DataSourceTest]: no resource found for suffixes {-context.xml, Context.groovy}.
18:16:27.607 [Test worker] INFO org.springframework.test.context.support.AnnotationConfigContextLoaderUtils - Could not detect default configuration classes for test class [com.mimos.wallet.dal.database.datasource.DataSourceTest]: DataSourceTest does not declare any static, non-private, non-final, nested classes annotated with @Configuration.
18:16:27.647 [Test worker] DEBUG org.springframework.test.context.support.ActiveProfilesUtils - Could not find an 'annotation declaring class' for annotation type [org.springframework.test.context.ActiveProfiles] and class [com.mimos.wallet.dal.database.datasource.DataSourceTest]
18:16:27.727 [Test worker] DEBUG org.springframework.context.annotation.ClassPathScanningCandidateComponentProvider - Identified candidate component class: file [/Users/dingyp/ideaProjects_mimos/mimos-wallet/dal/database/build/classes/java/test/com/mimos/wallet/dal/database/ApplicationTests.class]
18:16:27.728 [Test worker] INFO org.springframework.boot.test.context.SpringBootTestContextBootstrapper - Found @SpringBootConfiguration com.mimos.wallet.dal.database.ApplicationTests for test class com.mimos.wallet.dal.database.datasource.DataSourceTest
18:16:27.835 [Test worker] DEBUG org.springframework.boot.test.context.SpringBootTestContextBootstrapper - @TestExecutionListeners is not present for class [com.mimos.wallet.dal.database.datasource.DataSourceTest]: using defaults.
18:16:27.836 [Test worker] INFO org.springframework.boot.test.context.SpringBootTestContextBootstrapper - Loaded default TestExecutionListener class names from location [META-INF/spring.factories]: [org.spockframework.spring.SpringMockTestExecutionListener, org.springframework.test.context.web.ServletTestExecutionListener, org.springframework.test.context.support.DirtiesContextBeforeModesTestExecutionListener, org.springframework.test.context.support.DependencyInjectionTestExecutionListener, org.springframework.test.context.support.DirtiesContextTestExecutionListener, org.springframework.test.context.transaction.TransactionalTestExecutionListener, org.springframework.test.context.jdbc.SqlScriptsTestExecutionListener, org.springframework.boot.test.autoconfigure.restdocs.RestDocsTestExecutionListener, org.springframework.boot.test.autoconfigure.web.client.MockRestServiceServerResetTestExecutionListener, org.springframework.boot.test.autoconfigure.web.servlet.MockMvcPrintOnlyOnFailureTestExecutionListener, org.springframework.boot.test.autoconfigure.web.servlet.WebDriverTestExecutionListener, org.springframework.boot.test.mock.mockito.MockitoTestExecutionListener, org.springframework.boot.test.mock.mockito.ResetMocksTestExecutionListener]
18:16:27.844 [Test worker] DEBUG org.springframework.boot.test.context.SpringBootTestContextBootstrapper - Skipping candidate TestExecutionListener [org.springframework.test.context.web.ServletTestExecutionListener] due to a missing dependency. Specify custom listener classes or make the default listener classes and their required dependencies available. Offending class: [javax/servlet/ServletContext]
18:16:27.855 [Test worker] INFO org.springframework.boot.test.context.SpringBootTestContextBootstrapper - Using TestExecutionListeners: [org.springframework.test.context.support.DirtiesContextBeforeModesTestExecutionListener@1aad907d, org.springframework.boot.test.mock.mockito.MockitoTestExecutionListener@7f152d34, org.springframework.boot.test.autoconfigure.SpringBootDependencyInjectionTestExecutionListener@3eaf91fd, org.springframework.test.context.support.DirtiesContextTestExecutionListener@1082d5f4, org.springframework.test.context.transaction.TransactionalTestExecutionListener@665a81e1, org.springframework.test.context.jdbc.SqlScriptsTestExecutionListener@30706c93, org.springframework.boot.test.autoconfigure.restdocs.RestDocsTestExecutionListener@72122319, org.springframework.boot.test.autoconfigure.web.client.MockRestServiceServerResetTestExecutionListener@743965da, org.springframework.boot.test.autoconfigure.web.servlet.MockMvcPrintOnlyOnFailureTestExecutionListener@465ea735, org.springframework.boot.test.autoconfigure.web.servlet.WebDriverTestExecutionListener@75795f99, org.springframework.boot.test.mock.mockito.ResetMocksTestExecutionListener@1610a0c4, org.spockframework.spring.SpringMockTestExecutionListener@29381069]
18:16:27.857 [Test worker] DEBUG org.springframework.test.annotation.ProfileValueUtils - Retrieved @ProfileValueSourceConfiguration [null] for test class [com.mimos.wallet.dal.database.datasource.DataSourceTest]
18:16:27.858 [Test worker] DEBUG org.springframework.test.annotation.ProfileValueUtils - Retrieved ProfileValueSource type [class org.springframework.test.annotation.SystemProfileValueSource] for class [com.mimos.wallet.dal.database.datasource.DataSourceTest]
18:16:27.858 [Test worker] DEBUG org.springframework.test.annotation.ProfileValueUtils - Retrieved @ProfileValueSourceConfiguration [null] for test class [com.mimos.wallet.dal.database.datasource.DataSourceTest]
18:16:27.859 [Test worker] DEBUG org.springframework.test.annotation.ProfileValueUtils - Retrieved ProfileValueSource type [class org.springframework.test.annotation.SystemProfileValueSource] for class [com.mimos.wallet.dal.database.datasource.DataSourceTest]
18:16:27.862 [Test worker] DEBUG org.springframework.test.context.support.AbstractDirtiesContextTestExecutionListener - Before test class: context [DefaultTestContext@7bba71b2 testClass = DataSourceTest, testInstance = [null], testMethod = [null], testException = [null], mergedContextConfiguration = [MergedContextConfiguration@9909925 testClass = DataSourceTest, locations = '{}', classes = '{class com.mimos.wallet.dal.database.ApplicationTests}', contextInitializerClasses = '[]', activeProfiles = '{}', propertySourceLocations = '{}', propertySourceProperties = '{org.springframework.boot.test.context.SpringBootTestContextBootstrapper=true}', contextCustomizers = set[org.spockframework.spring.mock.SpockContextCustomizer@0, org.springframework.boot.test.autoconfigure.properties.PropertyMappingContextCustomizer@0, org.springframework.boot.test.autoconfigure.web.servlet.WebDriverContextCustomizerFactory$Customizer@448f22ef, org.springframework.boot.test.context.filter.ExcludeFilterContextCustomizer@f60fee0, org.springframework.boot.test.json.DuplicateJsonObjectContextCustomizerFactory$DuplicateJsonObjectContextCustomizer@3297f67a, org.springframework.boot.test.mock.mockito.MockitoContextCustomizer@0, org.springframework.boot.test.web.client.TestRestTemplateContextCustomizer@49b0d31f], contextLoader = 'org.springframework.boot.test.context.SpringBootContextLoader', parent = [null]], attributes = map[[empty]]], class annotated with @DirtiesContext [false] with mode [null].
18:16:27.864 [Test worker] DEBUG org.springframework.test.annotation.ProfileValueUtils - Retrieved @ProfileValueSourceConfiguration [null] for test class [com.mimos.wallet.dal.database.datasource.DataSourceTest]
18:16:27.864 [Test worker] DEBUG org.springframework.test.annotation.ProfileValueUtils - Retrieved ProfileValueSource type [class org.springframework.test.annotation.SystemProfileValueSource] for class [com.mimos.wallet.dal.database.datasource.DataSourceTest]
18:16:27.867 [Test worker] DEBUG org.springframework.test.context.support.DependencyInjectionTestExecutionListener - Performing dependency injection for test context [[DefaultTestContext@7bba71b2 testClass = DataSourceTest, testInstance = com.mimos.wallet.dal.database.datasource.DataSourceTest@12c2b48b, testMethod = [null], testException = [null], mergedContextConfiguration = [MergedContextConfiguration@9909925 testClass = DataSourceTest, locations = '{}', classes = '{class com.mimos.wallet.dal.database.ApplicationTests}', contextInitializerClasses = '[]', activeProfiles = '{}', propertySourceLocations = '{}', propertySourceProperties = '{org.springframework.boot.test.context.SpringBootTestContextBootstrapper=true}', contextCustomizers = set[org.spockframework.spring.mock.SpockContextCustomizer@0, org.springframework.boot.test.autoconfigure.properties.PropertyMappingContextCustomizer@0, org.springframework.boot.test.autoconfigure.web.servlet.WebDriverContextCustomizerFactory$Customizer@448f22ef, org.springframework.boot.test.context.filter.ExcludeFilterContextCustomizer@f60fee0, org.springframework.boot.test.json.DuplicateJsonObjectContextCustomizerFactory$DuplicateJsonObjectContextCustomizer@3297f67a, org.springframework.boot.test.mock.mockito.MockitoContextCustomizer@0, org.springframework.boot.test.web.client.TestRestTemplateContextCustomizer@49b0d31f], contextLoader = 'org.springframework.boot.test.context.SpringBootContextLoader', parent = [null]], attributes = map[[empty]]]].
18:16:27.888 [Test worker] DEBUG org.springframework.test.context.support.TestPropertySourceUtils - Adding inlined properties to environment: {spring.jmx.enabled=false, org.springframework.boot.test.context.SpringBootTestContextBootstrapper=true, server.port=-1}

  .   ____          _            __ _ _
 /\\ / ___'_ __ _ _(_)_ __  __ _ \ \ \ \
( ( )\___ | '_ | '_| | '_ \/ _` | \ \ \ \
 \\/  ___)| |_)| | | | | || (_| |  ) ) ) )
  '  |____| .__|_| |_|_| |_\__, | / / / /
 =========|_|==============|___/=/_/_/_/
 :: Spring Boot ::        (v2.1.0.RELEASE)

2019-02-25 18:16:43.535  INFO 2943 --- [    Test worker] c.m.w.d.d.datasource.DataSourceTest      : Starting DataSourceTest on DingYpdeMacBook-Pro.local with PID 2943 (started by dingyp in /Users/dingyp/ideaProjects_mimos/mimos-wallet/dal/database)
2019-02-25 18:16:43.536  INFO 2943 --- [    Test worker] c.m.w.d.d.datasource.DataSourceTest      : The following profiles are active: mysql
2019-02-25 18:16:45.428  INFO 2943 --- [    Test worker] c.m.w.d.d.datasource.DataSourceTest      : Started DataSourceTest in 17.535 seconds (JVM running for 18.622)
]]></system-out>
  <system-err><![CDATA[]]></system-err>
</testsuite>
